<2021-12-30 08:37:30> <Greeniscool#1844> hi
<2021-12-30 08:37:43> <CRITICAL..._#4028> noodles
<2021-12-30 10:28:36> <Meow_Alpha#7058> booba!
<2021-12-30 10:28:36> <alastor#4082> gawr gura likes booba
<2021-12-30 10:32:49> <alastor#4082> Irene
<2021-12-30 10:58:19> <Near#3158> test
<2021-12-31 08:10:50> <Near#3158> FSDSS-163
<2021-12-31 08:16:05> <Near#3158> dm test
<2021-12-31 08:16:45> <Near#3158> dm test
<2021-12-31 08:17:25> <Near#3158> dm test
<2021-12-31 08:18:48> <Near#3158> dm test
<2021-12-31 08:19:10> <Near#3158> dm test
<2022-01-03 02:27:40> <Near#3158> test
<2022-01-11 13:48:56> <Near#3158> teal
dark_teal
green
dark_green
blue
dark_blue
purple
dark_purple
magenta
dark_magenta
gold
dark_gold
orange
dark_orange
red
dark_red
lighter_grey
dark_grey
light_grey
darker_grey
blurple
greyple
<2022-01-12 02:52:03> <Near#3158> https://top.gg/bot/870239976690970625
<2022-01-12 04:10:09> <Near#3158> 學術寶庫  https://discord.gg/MU8abNJE
<2022-01-16 09:04:35> <Near#3158> TEK-073
<2022-02-10 08:29:11> <6H057#9211> Iris is gud
<2022-02-10 08:30:48> <6H057#9211> really really gud
<2022-02-11 12:06:56> <不器用な人間#8531> God of Bread
<2022-02-28 08:13:18> <Meow_Alpha#7058> haelo
<2022-03-27 10:08:38> <Imakavk#8336> give me perms or else
<2022-03-27 10:08:47> <Imakavk#8336> spam
<2022-03-27 10:08:48> <Imakavk#8336> spam
<2022-03-27 10:08:49> <Imakavk#8336> spam
<2022-03-27 10:08:50> <Imakavk#8336> spam
<2022-04-18 11:43:06> <Near#3158> dm test
