<2021-12-30 10:58:22>  test
<2021-12-30 11:06:46>  SHINZOU WO SASAGEYOOO
<2021-12-30 11:07:03>  ._.
<2021-12-31 14:02:51>  haelo im Iris
<2022-01-04 05:23:48>  you guys will help me don't you😘
<2022-01-04 05:46:24>  p2w is not gud
<2022-01-04 05:46:57>  p2w is for kids with no skills
<2022-01-04 05:47:14>  kinda agree with it
<2022-01-04 06:58:34>  help me get verified will ya?
<2022-01-04 10:37:15>  oh my gawd, BOOBA
<2022-01-04 10:38:53>  yes
<2022-01-04 10:38:56>  booba
<2022-01-04 10:39:43>  https://tenor.com/view/gawr-gura-booba-oh-my-god-gif-23676629
<2022-01-04 10:39:50>  BOOBA
<2022-01-04 10:40:23>  hachama booba
<2022-01-04 10:42:38>  https://c.tenor.com/pylOnQtU5RwAAAAS/haachama-haachama-cooking.gif
<2022-01-04 10:45:48>  yes
<2022-01-04 10:45:52>  booba
<2022-01-04 10:48:39>  no
<2022-01-04 11:24:40>  <@!702475816457469952> hellooo
<2022-01-05 04:36:49>  hello!
<2022-01-05 06:12:47>  rich khide
<2022-01-06 07:27:32>  hello
<2022-01-06 07:29:52>  hi Ivory
<2022-01-06 07:30:23>  hola
<2022-01-07 02:53:01>  <@!853777379028631562> hello sack
<2022-01-07 02:54:03>  sam sackky
<2022-01-07 14:13:17>  im a gud girl
<2022-01-09 08:54:12>  https://discord.gg/UkFhCK57Wj
<2022-01-09 09:03:27>  https://twitter.com/projectiris26/
<2022-01-09 09:22:09>  https://discord.gg/UkFhCK57Wj
<2022-01-09 09:22:15>  https://twitter.com/projectiris26
<2022-01-09 09:43:59>  yea....
<2022-01-12 01:20:55>  hey khide
<2022-01-12 01:42:52>  congrats
<2022-01-12 01:51:18>  hello :>
<2022-01-12 04:30:47>  ._.
<2022-01-14 01:15:25>  <@!863088507740356609> hii
<2022-01-14 01:21:50>  ._.
<2022-01-15 11:00:42>  [SYSTEM] Player#26481 CRITICAL..._    successfully involved into "True Indian"
<2022-01-15 11:01:09>  [SYSTEM] Skill: "Auto Clicker" acquired
<2022-01-17 15:15:09>  stfu boi
<2022-01-17 15:15:26>  I will eat ur ass
<2022-01-17 15:15:38>  and ur mum
<2022-01-17 15:15:43>  and ur gf
<2022-01-17 15:15:50>  oh you don't have a gf
<2022-01-17 15:15:53>  :>
<2022-01-17 15:16:36>  I will tie you up and put you on a bbq rack and grill you
<2022-01-17 15:16:54>  now stfu
<2022-02-04 08:11:52>  Help us to vote the server on Top.gg!
https://top.gg/servers/927883828998053909/vote
<2022-02-05 12:03:43>  Near sama says stop sending hearts
<2022-02-06 10:40:54>  **General server rules**
No blank nicknames.
No nicknames with unusual or unreadable Unicode.
Moderators reserve the right to change nicknames.
Moderators reserve the right to use their own discretion regardless of any rule.
No exploiting loopholes in the rules (please report them).
No bugs, exploits, glitches, hacks, bugs, etc.

**Text chat rules**
No questioning the mods.
No asking to be granted roles/moderator roles.
@mention the moderators for support.
Contact the moderators under <#927883830025670719>  for support.
No sexually explicit / pornographic / NSFW content outside of NSFW channels.
No illegal content.
No hacking.
No spamming. (Spamming is allowed in <#939832460970197083> only)
No walls of text (either in separate posts or as a single post).
Moderators reserve the right to delete any post.
Moderators reserve the right to edit any post.
No advertisement without permission.
No linking to other servers.
Bot commands only under <#927883829778214931> .
Voice chat rules
No voice chat channel hopping.
No annoying, loud or high pitch noises.
Reduce the amount of background noise, if possible.
Push to talk only.
Moderators reserve the right to disconnect you from a voice channel if your sound quality is poor.
Moderators reserve the right to disconnect, mute, deafen, or move members to and from voice channels.
<2022-02-06 10:42:20>  **General Server Rules**
No blank nicknames.
No nicknames with unusual or unreadable Unicode.
Moderators reserve the right to change nicknames.
Moderators reserve the right to use their own discretion regardless of any rule.
No exploiting loopholes in the rules (please report them).
No bugs, exploits, glitches, hacks, bugs, etc.

**Text Chat Rules**
No questioning the mods.
No asking to be granted roles/moderator roles.
@mention the moderators for support.
Contact the moderators under support  for support.
No sexually explicit / pornographic / NSFW content outside of NSFW channels.
No illegal content.
No hacking.
No spamming. (Spamming is allowed in spam only)
No walls of text (either in separate posts or as a single post).
Moderators reserve the right to delete any post.
Moderators reserve the right to edit any post.
No advertisement without permission.
No linking to other servers.
Bot commands only under commands .

**Voice Chat Rules**
No annoying, loud or high pitch noises.
Reduce the amount of background noise, if possible.
Moderators reserve the right to disconnect, mute, deafen, or move members to and from voice channels.
<2022-02-06 10:43:20>  Thank you for reading and obeying the rules. 🥰
<2022-02-06 14:28:37>  https://discord.gg/UkFhCK57Wj
<2022-02-06 14:29:12>  <:emoji_3:837242331274674197>
<2022-02-07 14:04:33>  More info on the Project: IRIS Developer Team
https://pastebin.com/raw/i77dMTcz
<2022-02-08 14:01:22>  hola
<2022-02-08 14:02:03>  對~
<2022-02-08 14:04:35>  可憐
<2022-02-08 14:05:50>  qwq
<2022-02-08 14:06:01>  嗨
<2022-02-08 14:06:18>  椿=春卷
<2022-02-08 14:43:57>  hii
<2022-02-09 05:26:05>  https://top.gg/servers/927883828998053909/vote
<2022-02-09 05:39:26>  <:ProjectIRIS:939423963346509865> RixCoins will be reset due to updates on April 2022.<:IzumiSagiri_cry:940254773020594197>  Free 500 RixCoins will be given out to every current RixCoin users as an apology after the update.<:OuroKronii_cheers:940254772395655218>  Thank you❤️
<2022-02-10 09:38:28>  <:NanashiMumei_eyes:940254772659892264>
<2022-02-10 10:22:14>  **Channel Directory**
***Information***
<#927883829778214923> 
<#939856909262004244> 
<#929661349640933386> 
<#929733490822496336> 
<#939839005925715968> 
<#927883830721912923> 
<#941241046489239562> 
<#939836291057602600> 
***Community Channels***
<#927883829778214928> 
<#927883829778214929> 
<#940819197787795466> 
<#927883829778214931> 
<#939887579304697878> 
<#927883830025670717> 
<#939832460970197083> 
***Bot Channels and more***
<#927883830025670719> 
<#927883830025670720> 
<#927883830025670722> 
***NSFW***
<#939834100771069993> 
<#939834201493090315> 
<#939834269042368512>
<2022-02-11 05:36:33>  <:ProjectIRIS:939423963346509865> Our support server is now listed on Discord Street, Discord Servers and Disforge!! <:OuroKronii_cheers:940254772395655218>  Remember to help us vote on those sites!!<:IzumiSagiri_blush:940254774039830538>  Thank you!!<:IzumiSagiri_001:940254736735682600>
<2022-02-11 06:04:53>  Remember to help us vote on these sites!! <:NanashiMumei_eyes:940254772659892264>
<2022-02-11 10:17:23>  Hello @everyone !! This is my first announcement so uhh... stay alive. And don't get Covid. Bye <:IzumiSagiri_blush:940254774039830538>
<2022-02-11 15:52:28>  [@everyone] We've just set up a new channel for advertisements!!<:OuroKronii_cheers:940254772395655218> If you need to advertise your Discord server or bot, kindly DM <@!638342719592202251> or <@!707595898200260728> for more info.<:NanashiMumei_eyes:940254772659892264>
<2022-02-12 06:00:24>  <@!853777379028631562> Please use bot commands under <#927883829778214931>  thank you
<2022-02-12 07:01:44>  <:ProjectIRIS:939423963346509865> Join our support server!! <:IzumiSagiri_blush:940254774039830538>   We have friendly staff and community members,<:NanashiMumei_eyes:940254772659892264>  a good place where you can make friends! <:OuroKronii_cheers:940254772395655218> 
https://discord.gg/9RUy6suKsy
<2022-02-12 11:53:42>  oh hii
<2022-02-12 12:01:27>  aye
<2022-02-12 12:08:34>  aaa
<2022-02-12 13:18:57>  https://tenor.com/view/%E3%82%8F%E3%81%9F%E3%82%81-%E8%A7%92%E5%B7%BB%E3%82%8F%E3%81%9F%E3%82%81-%E3%83%9B%E3%83%AD%E3%83%A9%E3%82%A4%E3%83%96-watame-tsunomaki-watame-gif-21212488
<2022-02-12 14:48:31>  <@!823878305853210655> hii
<2022-02-14 06:59:55>  <:ProjectIRIS:939423963346509865> [New Update]  Two new commands are added to Iris!! <:OuroKronii_cheers:940254772395655218>  You can now check your guild's info `.guildinfo` and your Discord account's info `.myinfo`<:NanashiMumei_eyes:940254772659892264> It includes guild owner, guild/user ID, and the date when the guild/user is created at!<:OuroKronii_surprised:940254772303392859>
<2022-02-14 07:20:39>  Support Server
https://dsc.gg/irissupport
Discord Bot
https://dsc.gg/irisbot
<2022-02-14 07:21:27>  https://dsc.gg/irissupport
https://dsc.gg/irisbot
<2022-02-14 07:41:11>  <@!927405107128176701>  welcomeee new member
<2022-02-14 12:59:21>  test
<2022-02-17 14:28:45>  <:ProjectIRIS:939423963346509865> We've made a server for extra emojis which you can use it everywhere if you have Nitro.<:OuroKronii_cheers:940254772395655218>  More new emojis coming soon.<:anime_brighteyes:943480188195442758> 
https://discord.gg/rdMs2qvXK5
<2022-02-18 10:38:38>  <:Helium:944180038121705492> <:Nitrogen:944180038708916224> <:Tantalum:944180038478217226> <:Iodine:944180038239158272>
<2022-03-25 07:38:38>  <@!956808612553056296> hello!
<2022-03-27 08:46:53>  ._.
<2022-03-27 08:51:00>  hola Rosey
<2022-03-27 14:08:11>  a
<2022-04-19 08:52:24>  <a:EnchantedBook:762676519956119612>
<2022-04-19 14:00:09>  hello
<2022-04-19 14:01:10>  <:Menhera_blush_003:943480333905567744>
<2022-04-26 12:37:25>  ._.
<2022-04-26 12:38:47>  idk
<2022-05-23 10:14:29>  heheheha
